module.js:550
    throw err;
    ^

Error: Cannot find module 'pty.js'
    at Function.Module._resolveFilename (module.js:548:15)
    at Function.Module._load (module.js:475:25)
    at Module.require (module.js:597:17)
    at require (internal/module.js:11:18)
    at Object.<anonymous> (/home/tradeitforweed_club/btstalk/frontend/public/crud.js:1:73)
    at Module._compile (module.js:653:30)
    at Object.Module._extensions..js (module.js:664:10)
    at Module.load (module.js:566:32)
    at tryModuleLoad (module.js:506:12)
    at Function.Module._load (module.js:498:3)
module.js:550
    throw err;
    ^

Error: Cannot find module 'pty.js'
    at Function.Module._resolveFilename (module.js:548:15)
    at Function.Module._load (module.js:475:25)
    at Module.require (module.js:597:17)
    at require (internal/module.js:11:18)
    at Object.<anonymous> (/home/tradeitforweed_club/btstalk/frontend/public/crud.js:1:73)
    at Module._compile (module.js:653:30)
    at Object.Module._extensions..js (module.js:664:10)
    at Module.load (module.js:566:32)
    at tryModuleLoad (module.js:506:12)
    at Function.Module._load (module.js:498:3)
Example app listening on port 3030!
events.js:183
      throw er; // Unhandled 'error' event
      ^

Error: listen EADDRINUSE :::3030
    at Server.setupListenHandle [as _listen2] (net.js:1360:14)
    at listenInCluster (net.js:1401:12)
    at Server.listen (net.js:1485:7)
    at Function.listen (/home/tradeitforweed_club/btstalk/frontend/node_modules/express/lib/application.js:618:24)
    at Object.<anonymous> (/home/tradeitforweed_club/btstalk/frontend/public/crud.js:44:5)
    at Module._compile (module.js:653:30)
    at Object.Module._extensions..js (module.js:664:10)
    at Module.load (module.js:566:32)
    at tryModuleLoad (module.js:506:12)
    at Function.Module._load (module.js:498:3)
